<?xml version="1.0" encoding="UTF-8"?>
<!-- Generated by org.testng.reporters.JUnitReportReporter -->
<testsuite hostname="Z3P6PUGAVS0073" failures="0" tests="182" name="driver.Driver" time="694.149" errors="0" timestamp="2022-05-09T18:24:56 IST" skipped="0">
  <testcase classname="driver.Driver" name="executeTestcase" time="0.002"/>
  <system-out/>
  <testcase classname="driver.Driver" name="executeTestcase" time="0.001"/>
  <system-out/>
  <testcase classname="driver.Driver" name="executeTestcase" time="0.001"/>
  <system-out/>
  <testcase classname="driver.Driver" name="executeTestcase" time="0.001"/>
  <system-out/>
  <testcase classname="driver.Driver" name="executeTestcase" time="0.002"/>
  <system-out/>
  <testcase classname="driver.Driver" name="executeTestcase" time="0.919"/>
  <system-out/>
  <testcase classname="driver.Driver" name="executeTestcase" time="0.002"/>
  <system-out/>
  <testcase classname="driver.Driver" name="executeTestcase" time="0.001"/>
  <system-out/>
  <testcase classname="driver.Driver" name="executeTestcase" time="0.001"/>
  <system-out/>
  <testcase classname="driver.Driver" name="executeTestcase" time="0.001"/>
  <system-out/>
  <testcase classname="driver.Driver" name="executeTestcase" time="0.001"/>
  <system-out/>
  <testcase classname="driver.Driver" name="executeTestcase" time="0.001"/>
  <system-out/>
  <testcase classname="driver.Driver" name="executeTestcase" time="0.002"/>
  <system-out/>
  <testcase classname="driver.Driver" name="executeTestcase" time="0.001"/>
  <system-out/>
  <testcase classname="driver.Driver" name="executeTestcase" time="0.001"/>
  <system-out/>
  <testcase classname="driver.Driver" name="executeTestcase" time="0.001"/>
  <system-out/>
  <testcase classname="driver.Driver" name="executeTestcase" time="0.002"/>
  <system-out/>
  <testcase classname="driver.Driver" name="executeTestcase" time="0.002"/>
  <system-out/>
  <testcase classname="driver.Driver" name="executeTestcase" time="0.001"/>
  <system-out/>
  <testcase classname="driver.Driver" name="executeTestcase" time="0.001"/>
  <system-out/>
  <testcase classname="driver.Driver" name="executeTestcase" time="0.002"/>
  <system-out/>
  <testcase classname="driver.Driver" name="executeTestcase" time="0.001"/>
  <system-out/>
  <testcase classname="driver.Driver" name="executeTestcase" time="0.001"/>
  <system-out/>
  <testcase classname="driver.Driver" name="executeTestcase" time="0.001"/>
  <system-out/>
  <testcase classname="driver.Driver" name="executeTestcase" time="0.001"/>
  <system-out/>
  <testcase classname="driver.Driver" name="executeTestcase" time="0.001"/>
  <system-out/>
  <testcase classname="driver.Driver" name="executeTestcase" time="0.001"/>
  <system-out/>
  <testcase classname="driver.Driver" name="executeTestcase" time="0.001"/>
  <system-out/>
  <testcase classname="driver.Driver" name="executeTestcase" time="0.001"/>
  <system-out/>
  <testcase classname="driver.Driver" name="executeTestcase" time="0.000"/>
  <system-out/>
  <testcase classname="driver.Driver" name="executeTestcase" time="0.001"/>
  <system-out/>
  <testcase classname="driver.Driver" name="executeTestcase" time="0.002"/>
  <system-out/>
  <testcase classname="driver.Driver" name="executeTestcase" time="1.023"/>
  <system-out/>
  <testcase classname="driver.Driver" name="executeTestcase" time="0.001"/>
  <system-out/>
  <testcase classname="driver.Driver" name="executeTestcase" time="247.086"/>
  <system-out/>
  <testcase classname="driver.Driver" name="executeTestcase" time="0.003"/>
  <system-out/>
  <testcase classname="driver.Driver" name="executeTestcase" time="0.001"/>
  <system-out/>
  <testcase classname="driver.Driver" name="executeTestcase" time="0.001"/>
  <system-out/>
  <testcase classname="driver.Driver" name="executeTestcase" time="0.002"/>
  <system-out/>
  <testcase classname="driver.Driver" name="executeTestcase" time="0.001"/>
  <system-out/>
  <testcase classname="driver.Driver" name="executeTestcase" time="0.001"/>
  <system-out/>
  <testcase classname="driver.Driver" name="executeTestcase" time="0.001"/>
  <system-out/>
  <testcase classname="driver.Driver" name="executeTestcase" time="0.001"/>
  <system-out/>
  <testcase classname="driver.Driver" name="executeTestcase" time="0.001"/>
  <system-out/>
  <testcase classname="driver.Driver" name="executeTestcase" time="0.870"/>
  <system-out/>
  <testcase classname="driver.Driver" name="executeTestcase" time="0.000"/>
  <system-out/>
  <testcase classname="driver.Driver" name="executeTestcase" time="211.551"/>
  <system-out/>
  <testcase classname="driver.Driver" name="executeTestcase" time="0.001"/>
  <system-out/>
  <testcase classname="driver.Driver" name="executeTestcase" time="0.001"/>
  <system-out/>
  <testcase classname="driver.Driver" name="executeTestcase" time="0.001"/>
  <system-out/>
  <testcase classname="driver.Driver" name="executeTestcase" time="0.002"/>
  <system-out/>
  <testcase classname="driver.Driver" name="executeTestcase" time="0.001"/>
  <system-out/>
  <testcase classname="driver.Driver" name="executeTestcase" time="0.002"/>
  <system-out/>
  <testcase classname="driver.Driver" name="executeTestcase" time="0.001"/>
  <system-out/>
  <testcase classname="driver.Driver" name="executeTestcase" time="0.001"/>
  <system-out/>
  <testcase classname="driver.Driver" name="executeTestcase" time="0.001"/>
  <system-out/>
  <testcase classname="driver.Driver" name="executeTestcase" time="0.001"/>
  <system-out/>
  <testcase classname="driver.Driver" name="executeTestcase" time="0.002"/>
  <system-out/>
  <testcase classname="driver.Driver" name="executeTestcase" time="0.003"/>
  <system-out/>
  <testcase classname="driver.Driver" name="executeTestcase" time="0.003"/>
  <system-out/>
  <testcase classname="driver.Driver" name="executeTestcase" time="0.002"/>
  <system-out/>
  <testcase classname="driver.Driver" name="executeTestcase" time="0.001"/>
  <system-out/>
  <testcase classname="driver.Driver" name="executeTestcase" time="0.002"/>
  <system-out/>
  <testcase classname="driver.Driver" name="executeTestcase" time="0.001"/>
  <system-out/>
  <testcase classname="driver.Driver" name="executeTestcase" time="0.001"/>
  <system-out/>
  <testcase classname="driver.Driver" name="executeTestcase" time="0.002"/>
  <system-out/>
  <testcase classname="driver.Driver" name="executeTestcase" time="0.001"/>
  <system-out/>
  <testcase classname="driver.Driver" name="executeTestcase" time="0.000"/>
  <system-out/>
  <testcase classname="driver.Driver" name="executeTestcase" time="0.001"/>
  <system-out/>
  <testcase classname="driver.Driver" name="executeTestcase" time="0.001"/>
  <system-out/>
  <testcase classname="driver.Driver" name="executeTestcase" time="0.005"/>
  <system-out/>
  <testcase classname="driver.Driver" name="executeTestcase" time="0.002"/>
  <system-out/>
  <testcase classname="driver.Driver" name="executeTestcase" time="0.001"/>
  <system-out/>
  <testcase classname="driver.Driver" name="executeTestcase" time="0.001"/>
  <system-out/>
  <testcase classname="driver.Driver" name="executeTestcase" time="0.001"/>
  <system-out/>
  <testcase classname="driver.Driver" name="executeTestcase" time="0.002"/>
  <system-out/>
  <testcase classname="driver.Driver" name="executeTestcase" time="0.002"/>
  <system-out/>
  <testcase classname="driver.Driver" name="executeTestcase" time="0.002"/>
  <system-out/>
  <testcase classname="driver.Driver" name="executeTestcase" time="0.001"/>
  <system-out/>
  <testcase classname="driver.Driver" name="executeTestcase" time="0.000"/>
  <system-out/>
  <testcase classname="driver.Driver" name="executeTestcase" time="0.001"/>
  <system-out/>
  <testcase classname="driver.Driver" name="executeTestcase" time="0.001"/>
  <system-out/>
  <testcase classname="driver.Driver" name="executeTestcase" time="0.001"/>
  <system-out/>
  <testcase classname="driver.Driver" name="executeTestcase" time="0.001"/>
  <system-out/>
  <testcase classname="driver.Driver" name="executeTestcase" time="0.001"/>
  <system-out/>
  <testcase classname="driver.Driver" name="executeTestcase" time="0.002"/>
  <system-out/>
  <testcase classname="driver.Driver" name="executeTestcase" time="0.000"/>
  <system-out/>
  <testcase classname="driver.Driver" name="executeTestcase" time="0.001"/>
  <system-out/>
  <testcase classname="driver.Driver" name="executeTestcase" time="0.000"/>
  <system-out/>
  <testcase classname="driver.Driver" name="executeTestcase" time="0.001"/>
  <system-out/>
  <testcase classname="driver.Driver" name="executeTestcase" time="0.001"/>
  <system-out/>
  <testcase classname="driver.Driver" name="executeTestcase" time="0.004"/>
  <system-out/>
  <testcase classname="driver.Driver" name="executeTestcase" time="0.001"/>
  <system-out/>
  <testcase classname="driver.Driver" name="executeTestcase" time="0.001"/>
  <system-out/>
  <testcase classname="driver.Driver" name="executeTestcase" time="0.000"/>
  <system-out/>
  <testcase classname="driver.Driver" name="executeTestcase" time="0.001"/>
  <system-out/>
  <testcase classname="driver.Driver" name="executeTestcase" time="0.001"/>
  <system-out/>
  <testcase classname="driver.Driver" name="executeTestcase" time="0.001"/>
  <system-out/>
  <testcase classname="driver.Driver" name="executeTestcase" time="0.002"/>
  <system-out/>
  <testcase classname="driver.Driver" name="executeTestcase" time="0.001"/>
  <system-out/>
  <testcase classname="driver.Driver" name="executeTestcase" time="0.001"/>
  <system-out/>
  <testcase classname="driver.Driver" name="executeTestcase" time="0.001"/>
  <system-out/>
  <testcase classname="driver.Driver" name="executeTestcase" time="0.001"/>
  <system-out/>
  <testcase classname="driver.Driver" name="executeTestcase" time="0.009"/>
  <system-out/>
  <testcase classname="driver.Driver" name="executeTestcase" time="0.001"/>
  <system-out/>
  <testcase classname="driver.Driver" name="executeTestcase" time="0.000"/>
  <system-out/>
  <testcase classname="driver.Driver" name="executeTestcase" time="0.001"/>
  <system-out/>
  <testcase classname="driver.Driver" name="executeTestcase" time="0.001"/>
  <system-out/>
  <testcase classname="driver.Driver" name="executeTestcase" time="0.000"/>
  <system-out/>
  <testcase classname="driver.Driver" name="executeTestcase" time="0.001"/>
  <system-out/>
  <testcase classname="driver.Driver" name="executeTestcase" time="0.001"/>
  <system-out/>
  <testcase classname="driver.Driver" name="executeTestcase" time="0.001"/>
  <system-out/>
  <testcase classname="driver.Driver" name="executeTestcase" time="0.000"/>
  <system-out/>
  <testcase classname="driver.Driver" name="executeTestcase" time="232.473"/>
  <system-out/>
  <testcase classname="driver.Driver" name="executeTestcase" time="0.001"/>
  <system-out/>
  <testcase classname="driver.Driver" name="executeTestcase" time="0.001"/>
  <system-out/>
  <testcase classname="driver.Driver" name="executeTestcase" time="0.000"/>
  <system-out/>
  <testcase classname="driver.Driver" name="executeTestcase" time="0.001"/>
  <system-out/>
  <testcase classname="driver.Driver" name="executeTestcase" time="0.002"/>
  <system-out/>
  <testcase classname="driver.Driver" name="executeTestcase" time="0.000"/>
  <system-out/>
  <testcase classname="driver.Driver" name="executeTestcase" time="0.001"/>
  <system-out/>
  <testcase classname="driver.Driver" name="executeTestcase" time="0.000"/>
  <system-out/>
  <testcase classname="driver.Driver" name="executeTestcase" time="0.000"/>
  <system-out/>
  <testcase classname="driver.Driver" name="executeTestcase" time="0.002"/>
  <system-out/>
  <testcase classname="driver.Driver" name="executeTestcase" time="0.001"/>
  <system-out/>
  <testcase classname="driver.Driver" name="executeTestcase" time="0.000"/>
  <system-out/>
  <testcase classname="driver.Driver" name="executeTestcase" time="0.002"/>
  <system-out/>
  <testcase classname="driver.Driver" name="executeTestcase" time="0.001"/>
  <system-out/>
  <testcase classname="driver.Driver" name="executeTestcase" time="0.001"/>
  <system-out/>
  <testcase classname="driver.Driver" name="executeTestcase" time="0.001"/>
  <system-out/>
  <testcase classname="driver.Driver" name="executeTestcase" time="0.001"/>
  <system-out/>
  <testcase classname="driver.Driver" name="executeTestcase" time="0.001"/>
  <system-out/>
  <testcase classname="driver.Driver" name="executeTestcase" time="0.001"/>
  <system-out/>
  <testcase classname="driver.Driver" name="executeTestcase" time="0.002"/>
  <system-out/>
  <testcase classname="driver.Driver" name="executeTestcase" time="0.002"/>
  <system-out/>
  <testcase classname="driver.Driver" name="executeTestcase" time="0.001"/>
  <system-out/>
  <testcase classname="driver.Driver" name="executeTestcase" time="0.003"/>
  <system-out/>
  <testcase classname="driver.Driver" name="executeTestcase" time="0.001"/>
  <system-out/>
  <testcase classname="driver.Driver" name="executeTestcase" time="0.001"/>
  <system-out/>
  <testcase classname="driver.Driver" name="executeTestcase" time="0.002"/>
  <system-out/>
  <testcase classname="driver.Driver" name="executeTestcase" time="0.001"/>
  <system-out/>
  <testcase classname="driver.Driver" name="executeTestcase" time="0.002"/>
  <system-out/>
  <testcase classname="driver.Driver" name="executeTestcase" time="0.002"/>
  <system-out/>
  <testcase classname="driver.Driver" name="executeTestcase" time="0.001"/>
  <system-out/>
  <testcase classname="driver.Driver" name="executeTestcase" time="0.001"/>
  <system-out/>
  <testcase classname="driver.Driver" name="executeTestcase" time="0.002"/>
  <system-out/>
  <testcase classname="driver.Driver" name="executeTestcase" time="0.000"/>
  <system-out/>
  <testcase classname="driver.Driver" name="executeTestcase" time="0.002"/>
  <system-out/>
  <testcase classname="driver.Driver" name="executeTestcase" time="0.002"/>
  <system-out/>
  <testcase classname="driver.Driver" name="executeTestcase" time="0.001"/>
  <system-out/>
  <testcase classname="driver.Driver" name="executeTestcase" time="0.001"/>
  <system-out/>
  <testcase classname="driver.Driver" name="executeTestcase" time="0.000"/>
  <system-out/>
  <testcase classname="driver.Driver" name="executeTestcase" time="0.001"/>
  <system-out/>
  <testcase classname="driver.Driver" name="executeTestcase" time="0.001"/>
  <system-out/>
  <testcase classname="driver.Driver" name="executeTestcase" time="0.001"/>
  <system-out/>
  <testcase classname="driver.Driver" name="executeTestcase" time="0.002"/>
  <system-out/>
  <testcase classname="driver.Driver" name="executeTestcase" time="0.000"/>
  <system-out/>
  <testcase classname="driver.Driver" name="executeTestcase" time="0.001"/>
  <system-out/>
  <testcase classname="driver.Driver" name="executeTestcase" time="0.003"/>
  <system-out/>
  <testcase classname="driver.Driver" name="executeTestcase" time="0.002"/>
  <system-out/>
  <testcase classname="driver.Driver" name="executeTestcase" time="0.002"/>
  <system-out/>
  <testcase classname="driver.Driver" name="executeTestcase" time="0.001"/>
  <system-out/>
  <testcase classname="driver.Driver" name="executeTestcase" time="0.001"/>
  <system-out/>
  <testcase classname="driver.Driver" name="executeTestcase" time="0.001"/>
  <system-out/>
  <testcase classname="driver.Driver" name="executeTestcase" time="0.001"/>
  <system-out/>
  <testcase classname="driver.Driver" name="executeTestcase" time="0.001"/>
  <system-out/>
  <testcase classname="driver.Driver" name="executeTestcase" time="0.001"/>
  <system-out/>
  <testcase classname="driver.Driver" name="executeTestcase" time="0.001"/>
  <system-out/>
  <testcase classname="driver.Driver" name="executeTestcase" time="0.002"/>
  <system-out/>
  <testcase classname="driver.Driver" name="executeTestcase" time="0.002"/>
  <system-out/>
  <testcase classname="driver.Driver" name="executeTestcase" time="0.001"/>
  <system-out/>
  <testcase classname="driver.Driver" name="executeTestcase" time="0.001"/>
  <system-out/>
  <testcase classname="driver.Driver" name="executeTestcase" time="0.001"/>
  <system-out/>
  <testcase classname="driver.Driver" name="executeTestcase" time="0.004"/>
  <system-out/>
  <testcase classname="driver.Driver" name="executeTestcase" time="0.001"/>
  <system-out/>
  <testcase classname="driver.Driver" name="executeTestcase" time="0.002"/>
  <system-out/>
  <testcase classname="driver.Driver" name="executeTestcase" time="0.001"/>
  <system-out/>
  <testcase classname="driver.Driver" name="executeTestcase" time="0.001"/>
  <system-out/>
  <testcase classname="driver.Driver" name="executeTestcase" time="0.002"/>
  <system-out/>
  <testcase classname="driver.Driver" name="executeTestcase" time="0.001"/>
  <system-out/>
  <testcase classname="driver.Driver" name="executeTestcase" time="0.002"/>
  <system-out/>
  <testcase classname="driver.Driver" name="executeTestcase" time="0.002"/>
  <system-out/>
</testsuite> <!-- driver.Driver -->
