<?xml version="1.0" encoding="UTF-8"?>
<!-- Generated by org.testng.reporters.JUnitReportReporter -->
<testsuite hostname="Z3P6PUGAVS0039" failures="0" tests="316" name="driver.Driver" time="571.015" errors="0" timestamp="2022-10-28T08:11:45 IST" skipped="0">
  <testcase classname="driver.Driver" name="executeTestcase" time="0.001"/>
  <system-out/>
  <testcase classname="driver.Driver" name="executeTestcase" time="0.001"/>
  <system-out/>
  <testcase classname="driver.Driver" name="executeTestcase" time="0.001"/>
  <system-out/>
  <testcase classname="driver.Driver" name="executeTestcase" time="0.001"/>
  <system-out/>
  <testcase classname="driver.Driver" name="executeTestcase" time="0.001"/>
  <system-out/>
  <testcase classname="driver.Driver" name="executeTestcase" time="0.001"/>
  <system-out/>
  <testcase classname="driver.Driver" name="executeTestcase" time="0.000"/>
  <system-out/>
  <testcase classname="driver.Driver" name="executeTestcase" time="0.001"/>
  <system-out/>
  <testcase classname="driver.Driver" name="executeTestcase" time="0.001"/>
  <system-out/>
  <testcase classname="driver.Driver" name="executeTestcase" time="0.001"/>
  <system-out/>
  <testcase classname="driver.Driver" name="executeTestcase" time="0.001"/>
  <system-out/>
  <testcase classname="driver.Driver" name="executeTestcase" time="0.001"/>
  <system-out/>
  <testcase classname="driver.Driver" name="executeTestcase" time="0.001"/>
  <system-out/>
  <testcase classname="driver.Driver" name="executeTestcase" time="0.001"/>
  <system-out/>
  <testcase classname="driver.Driver" name="executeTestcase" time="0.001"/>
  <system-out/>
  <testcase classname="driver.Driver" name="executeTestcase" time="0.001"/>
  <system-out/>
  <testcase classname="driver.Driver" name="executeTestcase" time="0.001"/>
  <system-out/>
  <testcase classname="driver.Driver" name="executeTestcase" time="0.001"/>
  <system-out/>
  <testcase classname="driver.Driver" name="executeTestcase" time="0.001"/>
  <system-out/>
  <testcase classname="driver.Driver" name="executeTestcase" time="0.002"/>
  <system-out/>
  <testcase classname="driver.Driver" name="executeTestcase" time="0.001"/>
  <system-out/>
  <testcase classname="driver.Driver" name="executeTestcase" time="0.001"/>
  <system-out/>
  <testcase classname="driver.Driver" name="executeTestcase" time="0.001"/>
  <system-out/>
  <testcase classname="driver.Driver" name="executeTestcase" time="0.001"/>
  <system-out/>
  <testcase classname="driver.Driver" name="executeTestcase" time="0.001"/>
  <system-out/>
  <testcase classname="driver.Driver" name="executeTestcase" time="0.000"/>
  <system-out/>
  <testcase classname="driver.Driver" name="executeTestcase" time="0.000"/>
  <system-out/>
  <testcase classname="driver.Driver" name="executeTestcase" time="0.001"/>
  <system-out/>
  <testcase classname="driver.Driver" name="executeTestcase" time="0.000"/>
  <system-out/>
  <testcase classname="driver.Driver" name="executeTestcase" time="0.001"/>
  <system-out/>
  <testcase classname="driver.Driver" name="executeTestcase" time="0.002"/>
  <system-out/>
  <testcase classname="driver.Driver" name="executeTestcase" time="0.001"/>
  <system-out/>
  <testcase classname="driver.Driver" name="executeTestcase" time="0.002"/>
  <system-out/>
  <testcase classname="driver.Driver" name="executeTestcase" time="0.001"/>
  <system-out/>
  <testcase classname="driver.Driver" name="executeTestcase" time="0.002"/>
  <system-out/>
  <testcase classname="driver.Driver" name="executeTestcase" time="0.001"/>
  <system-out/>
  <testcase classname="driver.Driver" name="executeTestcase" time="0.001"/>
  <system-out/>
  <testcase classname="driver.Driver" name="executeTestcase" time="0.001"/>
  <system-out/>
  <testcase classname="driver.Driver" name="executeTestcase" time="0.001"/>
  <system-out/>
  <testcase classname="driver.Driver" name="executeTestcase" time="0.001"/>
  <system-out/>
  <testcase classname="driver.Driver" name="executeTestcase" time="0.001"/>
  <system-out/>
  <testcase classname="driver.Driver" name="executeTestcase" time="0.003"/>
  <system-out/>
  <testcase classname="driver.Driver" name="executeTestcase" time="0.000"/>
  <system-out/>
  <testcase classname="driver.Driver" name="executeTestcase" time="0.001"/>
  <system-out/>
  <testcase classname="driver.Driver" name="executeTestcase" time="0.003"/>
  <system-out/>
  <testcase classname="driver.Driver" name="executeTestcase" time="0.000"/>
  <system-out/>
  <testcase classname="driver.Driver" name="executeTestcase" time="0.001"/>
  <system-out/>
  <testcase classname="driver.Driver" name="executeTestcase" time="0.001"/>
  <system-out/>
  <testcase classname="driver.Driver" name="executeTestcase" time="0.001"/>
  <system-out/>
  <testcase classname="driver.Driver" name="executeTestcase" time="0.000"/>
  <system-out/>
  <testcase classname="driver.Driver" name="executeTestcase" time="0.001"/>
  <system-out/>
  <testcase classname="driver.Driver" name="executeTestcase" time="0.002"/>
  <system-out/>
  <testcase classname="driver.Driver" name="executeTestcase" time="0.001"/>
  <system-out/>
  <testcase classname="driver.Driver" name="executeTestcase" time="0.002"/>
  <system-out/>
  <testcase classname="driver.Driver" name="executeTestcase" time="0.001"/>
  <system-out/>
  <testcase classname="driver.Driver" name="executeTestcase" time="0.001"/>
  <system-out/>
  <testcase classname="driver.Driver" name="executeTestcase" time="0.001"/>
  <system-out/>
  <testcase classname="driver.Driver" name="executeTestcase" time="0.003"/>
  <system-out/>
  <testcase classname="driver.Driver" name="executeTestcase" time="0.001"/>
  <system-out/>
  <testcase classname="driver.Driver" name="executeTestcase" time="0.001"/>
  <system-out/>
  <testcase classname="driver.Driver" name="executeTestcase" time="0.001"/>
  <system-out/>
  <testcase classname="driver.Driver" name="executeTestcase" time="0.001"/>
  <system-out/>
  <testcase classname="driver.Driver" name="executeTestcase" time="0.001"/>
  <system-out/>
  <testcase classname="driver.Driver" name="executeTestcase" time="0.001"/>
  <system-out/>
  <testcase classname="driver.Driver" name="executeTestcase" time="0.002"/>
  <system-out/>
  <testcase classname="driver.Driver" name="executeTestcase" time="0.001"/>
  <system-out/>
  <testcase classname="driver.Driver" name="executeTestcase" time="0.001"/>
  <system-out/>
  <testcase classname="driver.Driver" name="executeTestcase" time="0.001"/>
  <system-out/>
  <testcase classname="driver.Driver" name="executeTestcase" time="0.001"/>
  <system-out/>
  <testcase classname="driver.Driver" name="executeTestcase" time="0.001"/>
  <system-out/>
  <testcase classname="driver.Driver" name="executeTestcase" time="0.002"/>
  <system-out/>
  <testcase classname="driver.Driver" name="executeTestcase" time="0.001"/>
  <system-out/>
  <testcase classname="driver.Driver" name="executeTestcase" time="0.001"/>
  <system-out/>
  <testcase classname="driver.Driver" name="executeTestcase" time="0.001"/>
  <system-out/>
  <testcase classname="driver.Driver" name="executeTestcase" time="0.001"/>
  <system-out/>
  <testcase classname="driver.Driver" name="executeTestcase" time="0.000"/>
  <system-out/>
  <testcase classname="driver.Driver" name="executeTestcase" time="0.002"/>
  <system-out/>
  <testcase classname="driver.Driver" name="executeTestcase" time="0.003"/>
  <system-out/>
  <testcase classname="driver.Driver" name="executeTestcase" time="0.001"/>
  <system-out/>
  <testcase classname="driver.Driver" name="executeTestcase" time="0.001"/>
  <system-out/>
  <testcase classname="driver.Driver" name="executeTestcase" time="0.001"/>
  <system-out/>
  <testcase classname="driver.Driver" name="executeTestcase" time="0.001"/>
  <system-out/>
  <testcase classname="driver.Driver" name="executeTestcase" time="0.001"/>
  <system-out/>
  <testcase classname="driver.Driver" name="executeTestcase" time="0.000"/>
  <system-out/>
  <testcase classname="driver.Driver" name="executeTestcase" time="0.001"/>
  <system-out/>
  <testcase classname="driver.Driver" name="executeTestcase" time="0.001"/>
  <system-out/>
  <testcase classname="driver.Driver" name="executeTestcase" time="0.002"/>
  <system-out/>
  <testcase classname="driver.Driver" name="executeTestcase" time="0.000"/>
  <system-out/>
  <testcase classname="driver.Driver" name="executeTestcase" time="0.002"/>
  <system-out/>
  <testcase classname="driver.Driver" name="executeTestcase" time="0.000"/>
  <system-out/>
  <testcase classname="driver.Driver" name="executeTestcase" time="0.001"/>
  <system-out/>
  <testcase classname="driver.Driver" name="executeTestcase" time="0.000"/>
  <system-out/>
  <testcase classname="driver.Driver" name="executeTestcase" time="0.001"/>
  <system-out/>
  <testcase classname="driver.Driver" name="executeTestcase" time="0.001"/>
  <system-out/>
  <testcase classname="driver.Driver" name="executeTestcase" time="0.000"/>
  <system-out/>
  <testcase classname="driver.Driver" name="executeTestcase" time="0.003"/>
  <system-out/>
  <testcase classname="driver.Driver" name="executeTestcase" time="0.002"/>
  <system-out/>
  <testcase classname="driver.Driver" name="executeTestcase" time="0.002"/>
  <system-out/>
  <testcase classname="driver.Driver" name="executeTestcase" time="0.000"/>
  <system-out/>
  <testcase classname="driver.Driver" name="executeTestcase" time="0.002"/>
  <system-out/>
  <testcase classname="driver.Driver" name="executeTestcase" time="0.001"/>
  <system-out/>
  <testcase classname="driver.Driver" name="executeTestcase" time="0.001"/>
  <system-out/>
  <testcase classname="driver.Driver" name="executeTestcase" time="0.001"/>
  <system-out/>
  <testcase classname="driver.Driver" name="executeTestcase" time="0.001"/>
  <system-out/>
  <testcase classname="driver.Driver" name="executeTestcase" time="0.001"/>
  <system-out/>
  <testcase classname="driver.Driver" name="executeTestcase" time="0.001"/>
  <system-out/>
  <testcase classname="driver.Driver" name="executeTestcase" time="0.001"/>
  <system-out/>
  <testcase classname="driver.Driver" name="executeTestcase" time="0.001"/>
  <system-out/>
  <testcase classname="driver.Driver" name="executeTestcase" time="0.001"/>
  <system-out/>
  <testcase classname="driver.Driver" name="executeTestcase" time="0.001"/>
  <system-out/>
  <testcase classname="driver.Driver" name="executeTestcase" time="0.001"/>
  <system-out/>
  <testcase classname="driver.Driver" name="executeTestcase" time="0.001"/>
  <system-out/>
  <testcase classname="driver.Driver" name="executeTestcase" time="0.001"/>
  <system-out/>
  <testcase classname="driver.Driver" name="executeTestcase" time="0.001"/>
  <system-out/>
  <testcase classname="driver.Driver" name="executeTestcase" time="0.012"/>
  <system-out/>
  <testcase classname="driver.Driver" name="executeTestcase" time="0.002"/>
  <system-out/>
  <testcase classname="driver.Driver" name="executeTestcase" time="0.002"/>
  <system-out/>
  <testcase classname="driver.Driver" name="executeTestcase" time="0.000"/>
  <system-out/>
  <testcase classname="driver.Driver" name="executeTestcase" time="0.001"/>
  <system-out/>
  <testcase classname="driver.Driver" name="executeTestcase" time="0.001"/>
  <system-out/>
  <testcase classname="driver.Driver" name="executeTestcase" time="0.001"/>
  <system-out/>
  <testcase classname="driver.Driver" name="executeTestcase" time="0.001"/>
  <system-out/>
  <testcase classname="driver.Driver" name="executeTestcase" time="0.001"/>
  <system-out/>
  <testcase classname="driver.Driver" name="executeTestcase" time="0.001"/>
  <system-out/>
  <testcase classname="driver.Driver" name="executeTestcase" time="0.001"/>
  <system-out/>
  <testcase classname="driver.Driver" name="executeTestcase" time="0.001"/>
  <system-out/>
  <testcase classname="driver.Driver" name="executeTestcase" time="0.001"/>
  <system-out/>
  <testcase classname="driver.Driver" name="executeTestcase" time="0.001"/>
  <system-out/>
  <testcase classname="driver.Driver" name="executeTestcase" time="0.001"/>
  <system-out/>
  <testcase classname="driver.Driver" name="executeTestcase" time="0.001"/>
  <system-out/>
  <testcase classname="driver.Driver" name="executeTestcase" time="0.002"/>
  <system-out/>
  <testcase classname="driver.Driver" name="executeTestcase" time="0.000"/>
  <system-out/>
  <testcase classname="driver.Driver" name="executeTestcase" time="0.001"/>
  <system-out/>
  <testcase classname="driver.Driver" name="executeTestcase" time="0.001"/>
  <system-out/>
  <testcase classname="driver.Driver" name="executeTestcase" time="0.002"/>
  <system-out/>
  <testcase classname="driver.Driver" name="executeTestcase" time="0.001"/>
  <system-out/>
  <testcase classname="driver.Driver" name="executeTestcase" time="0.001"/>
  <system-out/>
  <testcase classname="driver.Driver" name="executeTestcase" time="0.002"/>
  <system-out/>
  <testcase classname="driver.Driver" name="executeTestcase" time="0.000"/>
  <system-out/>
  <testcase classname="driver.Driver" name="executeTestcase" time="0.001"/>
  <system-out/>
  <testcase classname="driver.Driver" name="executeTestcase" time="0.001"/>
  <system-out/>
  <testcase classname="driver.Driver" name="executeTestcase" time="0.001"/>
  <system-out/>
  <testcase classname="driver.Driver" name="executeTestcase" time="0.001"/>
  <system-out/>
  <testcase classname="driver.Driver" name="executeTestcase" time="0.002"/>
  <system-out/>
  <testcase classname="driver.Driver" name="executeTestcase" time="0.001"/>
  <system-out/>
  <testcase classname="driver.Driver" name="executeTestcase" time="0.001"/>
  <system-out/>
  <testcase classname="driver.Driver" name="executeTestcase" time="0.002"/>
  <system-out/>
  <testcase classname="driver.Driver" name="executeTestcase" time="0.002"/>
  <system-out/>
  <testcase classname="driver.Driver" name="executeTestcase" time="0.001"/>
  <system-out/>
  <testcase classname="driver.Driver" name="executeTestcase" time="0.001"/>
  <system-out/>
  <testcase classname="driver.Driver" name="executeTestcase" time="0.001"/>
  <system-out/>
  <testcase classname="driver.Driver" name="executeTestcase" time="0.001"/>
  <system-out/>
  <testcase classname="driver.Driver" name="executeTestcase" time="0.001"/>
  <system-out/>
  <testcase classname="driver.Driver" name="executeTestcase" time="0.000"/>
  <system-out/>
  <testcase classname="driver.Driver" name="executeTestcase" time="0.002"/>
  <system-out/>
  <testcase classname="driver.Driver" name="executeTestcase" time="0.000"/>
  <system-out/>
  <testcase classname="driver.Driver" name="executeTestcase" time="0.001"/>
  <system-out/>
  <testcase classname="driver.Driver" name="executeTestcase" time="0.001"/>
  <system-out/>
  <testcase classname="driver.Driver" name="executeTestcase" time="0.001"/>
  <system-out/>
  <testcase classname="driver.Driver" name="executeTestcase" time="0.001"/>
  <system-out/>
  <testcase classname="driver.Driver" name="executeTestcase" time="0.001"/>
  <system-out/>
  <testcase classname="driver.Driver" name="executeTestcase" time="0.000"/>
  <system-out/>
  <testcase classname="driver.Driver" name="executeTestcase" time="0.001"/>
  <system-out/>
  <testcase classname="driver.Driver" name="executeTestcase" time="0.001"/>
  <system-out/>
  <testcase classname="driver.Driver" name="executeTestcase" time="0.001"/>
  <system-out/>
  <testcase classname="driver.Driver" name="executeTestcase" time="0.001"/>
  <system-out/>
  <testcase classname="driver.Driver" name="executeTestcase" time="0.001"/>
  <system-out/>
  <testcase classname="driver.Driver" name="executeTestcase" time="0.001"/>
  <system-out/>
  <testcase classname="driver.Driver" name="executeTestcase" time="0.002"/>
  <system-out/>
  <testcase classname="driver.Driver" name="executeTestcase" time="0.001"/>
  <system-out/>
  <testcase classname="driver.Driver" name="executeTestcase" time="0.000"/>
  <system-out/>
  <testcase classname="driver.Driver" name="executeTestcase" time="0.001"/>
  <system-out/>
  <testcase classname="driver.Driver" name="executeTestcase" time="0.001"/>
  <system-out/>
  <testcase classname="driver.Driver" name="executeTestcase" time="0.002"/>
  <system-out/>
  <testcase classname="driver.Driver" name="executeTestcase" time="0.001"/>
  <system-out/>
  <testcase classname="driver.Driver" name="executeTestcase" time="0.001"/>
  <system-out/>
  <testcase classname="driver.Driver" name="executeTestcase" time="0.001"/>
  <system-out/>
  <testcase classname="driver.Driver" name="executeTestcase" time="0.001"/>
  <system-out/>
  <testcase classname="driver.Driver" name="executeTestcase" time="0.002"/>
  <system-out/>
  <testcase classname="driver.Driver" name="executeTestcase" time="0.003"/>
  <system-out/>
  <testcase classname="driver.Driver" name="executeTestcase" time="0.002"/>
  <system-out/>
  <testcase classname="driver.Driver" name="executeTestcase" time="0.000"/>
  <system-out/>
  <testcase classname="driver.Driver" name="executeTestcase" time="0.001"/>
  <system-out/>
  <testcase classname="driver.Driver" name="executeTestcase" time="0.001"/>
  <system-out/>
  <testcase classname="driver.Driver" name="executeTestcase" time="0.001"/>
  <system-out/>
  <testcase classname="driver.Driver" name="executeTestcase" time="0.000"/>
  <system-out/>
  <testcase classname="driver.Driver" name="executeTestcase" time="0.001"/>
  <system-out/>
  <testcase classname="driver.Driver" name="executeTestcase" time="0.001"/>
  <system-out/>
  <testcase classname="driver.Driver" name="executeTestcase" time="0.000"/>
  <system-out/>
  <testcase classname="driver.Driver" name="executeTestcase" time="0.002"/>
  <system-out/>
  <testcase classname="driver.Driver" name="executeTestcase" time="0.001"/>
  <system-out/>
  <testcase classname="driver.Driver" name="executeTestcase" time="0.000"/>
  <system-out/>
  <testcase classname="driver.Driver" name="executeTestcase" time="0.001"/>
  <system-out/>
  <testcase classname="driver.Driver" name="executeTestcase" time="0.001"/>
  <system-out/>
  <testcase classname="driver.Driver" name="executeTestcase" time="0.000"/>
  <system-out/>
  <testcase classname="driver.Driver" name="executeTestcase" time="0.001"/>
  <system-out/>
  <testcase classname="driver.Driver" name="executeTestcase" time="0.001"/>
  <system-out/>
  <testcase classname="driver.Driver" name="executeTestcase" time="0.001"/>
  <system-out/>
  <testcase classname="driver.Driver" name="executeTestcase" time="0.001"/>
  <system-out/>
  <testcase classname="driver.Driver" name="executeTestcase" time="0.003"/>
  <system-out/>
  <testcase classname="driver.Driver" name="executeTestcase" time="0.001"/>
  <system-out/>
  <testcase classname="driver.Driver" name="executeTestcase" time="0.002"/>
  <system-out/>
  <testcase classname="driver.Driver" name="executeTestcase" time="0.001"/>
  <system-out/>
  <testcase classname="driver.Driver" name="executeTestcase" time="0.001"/>
  <system-out/>
  <testcase classname="driver.Driver" name="executeTestcase" time="0.001"/>
  <system-out/>
  <testcase classname="driver.Driver" name="executeTestcase" time="0.001"/>
  <system-out/>
  <testcase classname="driver.Driver" name="executeTestcase" time="0.002"/>
  <system-out/>
  <testcase classname="driver.Driver" name="executeTestcase" time="0.001"/>
  <system-out/>
  <testcase classname="driver.Driver" name="executeTestcase" time="0.001"/>
  <system-out/>
  <testcase classname="driver.Driver" name="executeTestcase" time="0.000"/>
  <system-out/>
  <testcase classname="driver.Driver" name="executeTestcase" time="0.001"/>
  <system-out/>
  <testcase classname="driver.Driver" name="executeTestcase" time="0.001"/>
  <system-out/>
  <testcase classname="driver.Driver" name="executeTestcase" time="0.002"/>
  <system-out/>
  <testcase classname="driver.Driver" name="executeTestcase" time="0.001"/>
  <system-out/>
  <testcase classname="driver.Driver" name="executeTestcase" time="0.002"/>
  <system-out/>
  <testcase classname="driver.Driver" name="executeTestcase" time="0.000"/>
  <system-out/>
  <testcase classname="driver.Driver" name="executeTestcase" time="0.001"/>
  <system-out/>
  <testcase classname="driver.Driver" name="executeTestcase" time="0.000"/>
  <system-out/>
  <testcase classname="driver.Driver" name="executeTestcase" time="0.001"/>
  <system-out/>
  <testcase classname="driver.Driver" name="executeTestcase" time="0.001"/>
  <system-out/>
  <testcase classname="driver.Driver" name="executeTestcase" time="0.002"/>
  <system-out/>
  <testcase classname="driver.Driver" name="executeTestcase" time="0.000"/>
  <system-out/>
  <testcase classname="driver.Driver" name="executeTestcase" time="0.001"/>
  <system-out/>
  <testcase classname="driver.Driver" name="executeTestcase" time="0.001"/>
  <system-out/>
  <testcase classname="driver.Driver" name="executeTestcase" time="0.001"/>
  <system-out/>
  <testcase classname="driver.Driver" name="executeTestcase" time="0.001"/>
  <system-out/>
  <testcase classname="driver.Driver" name="executeTestcase" time="0.003"/>
  <system-out/>
  <testcase classname="driver.Driver" name="executeTestcase" time="0.002"/>
  <system-out/>
  <testcase classname="driver.Driver" name="executeTestcase" time="0.001"/>
  <system-out/>
  <testcase classname="driver.Driver" name="executeTestcase" time="0.001"/>
  <system-out/>
  <testcase classname="driver.Driver" name="executeTestcase" time="0.002"/>
  <system-out/>
  <testcase classname="driver.Driver" name="executeTestcase" time="0.001"/>
  <system-out/>
  <testcase classname="driver.Driver" name="executeTestcase" time="0.002"/>
  <system-out/>
  <testcase classname="driver.Driver" name="executeTestcase" time="0.001"/>
  <system-out/>
  <testcase classname="driver.Driver" name="executeTestcase" time="0.001"/>
  <system-out/>
  <testcase classname="driver.Driver" name="executeTestcase" time="0.002"/>
  <system-out/>
  <testcase classname="driver.Driver" name="executeTestcase" time="568.134"/>
  <system-out/>
  <testcase classname="driver.Driver" name="executeTestcase" time="0.001"/>
  <system-out/>
  <testcase classname="driver.Driver" name="executeTestcase" time="0.001"/>
  <system-out/>
  <testcase classname="driver.Driver" name="executeTestcase" time="0.002"/>
  <system-out/>
  <testcase classname="driver.Driver" name="executeTestcase" time="0.001"/>
  <system-out/>
  <testcase classname="driver.Driver" name="executeTestcase" time="0.001"/>
  <system-out/>
  <testcase classname="driver.Driver" name="executeTestcase" time="0.001"/>
  <system-out/>
  <testcase classname="driver.Driver" name="executeTestcase" time="0.001"/>
  <system-out/>
  <testcase classname="driver.Driver" name="executeTestcase" time="0.001"/>
  <system-out/>
  <testcase classname="driver.Driver" name="executeTestcase" time="0.002"/>
  <system-out/>
  <testcase classname="driver.Driver" name="executeTestcase" time="0.001"/>
  <system-out/>
  <testcase classname="driver.Driver" name="executeTestcase" time="0.001"/>
  <system-out/>
  <testcase classname="driver.Driver" name="executeTestcase" time="0.002"/>
  <system-out/>
  <testcase classname="driver.Driver" name="executeTestcase" time="0.001"/>
  <system-out/>
  <testcase classname="driver.Driver" name="executeTestcase" time="0.001"/>
  <system-out/>
  <testcase classname="driver.Driver" name="executeTestcase" time="0.002"/>
  <system-out/>
  <testcase classname="driver.Driver" name="executeTestcase" time="0.000"/>
  <system-out/>
  <testcase classname="driver.Driver" name="executeTestcase" time="0.001"/>
  <system-out/>
  <testcase classname="driver.Driver" name="executeTestcase" time="0.001"/>
  <system-out/>
  <testcase classname="driver.Driver" name="executeTestcase" time="0.001"/>
  <system-out/>
  <testcase classname="driver.Driver" name="executeTestcase" time="0.001"/>
  <system-out/>
  <testcase classname="driver.Driver" name="executeTestcase" time="0.001"/>
  <system-out/>
  <testcase classname="driver.Driver" name="executeTestcase" time="0.002"/>
  <system-out/>
  <testcase classname="driver.Driver" name="executeTestcase" time="0.001"/>
  <system-out/>
  <testcase classname="driver.Driver" name="executeTestcase" time="0.000"/>
  <system-out/>
  <testcase classname="driver.Driver" name="executeTestcase" time="0.004"/>
  <system-out/>
  <testcase classname="driver.Driver" name="executeTestcase" time="0.001"/>
  <system-out/>
  <testcase classname="driver.Driver" name="executeTestcase" time="0.001"/>
  <system-out/>
  <testcase classname="driver.Driver" name="executeTestcase" time="0.002"/>
  <system-out/>
  <testcase classname="driver.Driver" name="executeTestcase" time="0.001"/>
  <system-out/>
  <testcase classname="driver.Driver" name="executeTestcase" time="0.001"/>
  <system-out/>
  <testcase classname="driver.Driver" name="executeTestcase" time="0.001"/>
  <system-out/>
  <testcase classname="driver.Driver" name="executeTestcase" time="0.001"/>
  <system-out/>
  <testcase classname="driver.Driver" name="executeTestcase" time="0.001"/>
  <system-out/>
  <testcase classname="driver.Driver" name="executeTestcase" time="0.001"/>
  <system-out/>
  <testcase classname="driver.Driver" name="executeTestcase" time="0.000"/>
  <system-out/>
  <testcase classname="driver.Driver" name="executeTestcase" time="0.001"/>
  <system-out/>
  <testcase classname="driver.Driver" name="executeTestcase" time="0.001"/>
  <system-out/>
  <testcase classname="driver.Driver" name="executeTestcase" time="0.002"/>
  <system-out/>
  <testcase classname="driver.Driver" name="executeTestcase" time="0.001"/>
  <system-out/>
  <testcase classname="driver.Driver" name="executeTestcase" time="0.000"/>
  <system-out/>
  <testcase classname="driver.Driver" name="executeTestcase" time="0.001"/>
  <system-out/>
  <testcase classname="driver.Driver" name="executeTestcase" time="0.001"/>
  <system-out/>
  <testcase classname="driver.Driver" name="executeTestcase" time="0.001"/>
  <system-out/>
  <testcase classname="driver.Driver" name="executeTestcase" time="0.001"/>
  <system-out/>
  <testcase classname="driver.Driver" name="executeTestcase" time="0.001"/>
  <system-out/>
  <testcase classname="driver.Driver" name="executeTestcase" time="0.000"/>
  <system-out/>
  <testcase classname="driver.Driver" name="executeTestcase" time="0.001"/>
  <system-out/>
  <testcase classname="driver.Driver" name="executeTestcase" time="0.001"/>
  <system-out/>
  <testcase classname="driver.Driver" name="executeTestcase" time="0.000"/>
  <system-out/>
  <testcase classname="driver.Driver" name="executeTestcase" time="0.001"/>
  <system-out/>
  <testcase classname="driver.Driver" name="executeTestcase" time="0.001"/>
  <system-out/>
  <testcase classname="driver.Driver" name="executeTestcase" time="0.001"/>
  <system-out/>
  <testcase classname="driver.Driver" name="executeTestcase" time="0.001"/>
  <system-out/>
  <testcase classname="driver.Driver" name="executeTestcase" time="0.000"/>
  <system-out/>
  <testcase classname="driver.Driver" name="executeTestcase" time="0.001"/>
  <system-out/>
  <testcase classname="driver.Driver" name="executeTestcase" time="0.002"/>
  <system-out/>
  <testcase classname="driver.Driver" name="executeTestcase" time="2.514"/>
  <system-out/>
  <testcase classname="driver.Driver" name="executeTestcase" time="0.001"/>
  <system-out/>
  <testcase classname="driver.Driver" name="executeTestcase" time="0.001"/>
  <system-out/>
  <testcase classname="driver.Driver" name="executeTestcase" time="0.002"/>
  <system-out/>
  <testcase classname="driver.Driver" name="executeTestcase" time="0.001"/>
  <system-out/>
  <testcase classname="driver.Driver" name="executeTestcase" time="0.001"/>
  <system-out/>
  <testcase classname="driver.Driver" name="executeTestcase" time="0.001"/>
  <system-out/>
  <testcase classname="driver.Driver" name="executeTestcase" time="0.019"/>
  <system-out/>
  <testcase classname="driver.Driver" name="executeTestcase" time="0.001"/>
  <system-out/>
  <testcase classname="driver.Driver" name="executeTestcase" time="0.000"/>
  <system-out/>
  <testcase classname="driver.Driver" name="executeTestcase" time="0.001"/>
  <system-out/>
  <testcase classname="driver.Driver" name="executeTestcase" time="0.001"/>
  <system-out/>
  <testcase classname="driver.Driver" name="executeTestcase" time="0.000"/>
  <system-out/>
  <testcase classname="driver.Driver" name="executeTestcase" time="0.001"/>
  <system-out/>
  <testcase classname="driver.Driver" name="executeTestcase" time="0.000"/>
  <system-out/>
  <testcase classname="driver.Driver" name="executeTestcase" time="0.001"/>
  <system-out/>
  <testcase classname="driver.Driver" name="executeTestcase" time="0.001"/>
  <system-out/>
  <testcase classname="driver.Driver" name="executeTestcase" time="0.000"/>
  <system-out/>
  <testcase classname="driver.Driver" name="executeTestcase" time="0.001"/>
  <system-out/>
  <testcase classname="driver.Driver" name="executeTestcase" time="0.000"/>
  <system-out/>
  <testcase classname="driver.Driver" name="executeTestcase" time="0.002"/>
  <system-out/>
  <testcase classname="driver.Driver" name="executeTestcase" time="0.001"/>
  <system-out/>
  <testcase classname="driver.Driver" name="executeTestcase" time="0.001"/>
  <system-out/>
</testsuite> <!-- driver.Driver -->
